  practica3.cpp
C:\Users\jared\OneDrive\Documentos\Visual Studio 2022\CGIH\Practica03\Practica03\Window.h(12,36): warning C4244: 'return': conversión de 'GLint' a 'GLfloat'; posible pérdida de datos
  (compilando archivo de origen "practica3.cpp")
  
C:\Users\jared\OneDrive\Documentos\Visual Studio 2022\CGIH\Practica03\Practica03\Window.h(13,37): warning C4244: 'return': conversión de 'GLint' a 'GLfloat'; posible pérdida de datos
  (compilando archivo de origen "practica3.cpp")
  
C:\Users\jared\OneDrive\Documentos\Visual Studio 2022\CGIH\Practica03\Practica03\practica3.cpp(27,37): warning C4305: 'inicializando': truncamiento de 'double' a 'float'
C:\Users\jared\OneDrive\Documentos\Visual Studio 2022\CGIH\Practica03\Practica03\practica3.cpp(194,16): warning C4018: '<': no coinciden signed/unsigned
C:\Users\jared\OneDrive\Documentos\Visual Studio 2022\CGIH\Practica03\Practica03\practica3.cpp(236,32): warning C4244: 'argumento': conversión de 'double' a '_Ty'; posible pérdida de datos
C:\Users\jared\OneDrive\Documentos\Visual Studio 2022\CGIH\Practica03\Practica03\practica3.cpp(236,32): warning C4244:         with
C:\Users\jared\OneDrive\Documentos\Visual Studio 2022\CGIH\Practica03\Practica03\practica3.cpp(236,32): warning C4244:         [
C:\Users\jared\OneDrive\Documentos\Visual Studio 2022\CGIH\Practica03\Practica03\practica3.cpp(236,32): warning C4244:             _Ty=GLfloat
C:\Users\jared\OneDrive\Documentos\Visual Studio 2022\CGIH\Practica03\Practica03\practica3.cpp(236,32): warning C4244:         ]
C:\Users\jared\OneDrive\Documentos\Visual Studio 2022\CGIH\Practica03\Practica03\practica3.cpp(238,32): warning C4244: 'argumento': conversión de 'double' a '_Ty'; posible pérdida de datos
C:\Users\jared\OneDrive\Documentos\Visual Studio 2022\CGIH\Practica03\Practica03\practica3.cpp(238,32): warning C4244:         with
C:\Users\jared\OneDrive\Documentos\Visual Studio 2022\CGIH\Practica03\Practica03\practica3.cpp(238,32): warning C4244:         [
C:\Users\jared\OneDrive\Documentos\Visual Studio 2022\CGIH\Practica03\Practica03\practica3.cpp(238,32): warning C4244:             _Ty=GLfloat
C:\Users\jared\OneDrive\Documentos\Visual Studio 2022\CGIH\Practica03\Practica03\practica3.cpp(238,32): warning C4244:         ]
C:\Users\jared\OneDrive\Documentos\Visual Studio 2022\CGIH\Practica03\Practica03\practica3.cpp(334,15): warning C4244: 'inicializando': conversión de 'double' a 'GLfloat'; posible pérdida de datos
C:\Users\jared\OneDrive\Documentos\Visual Studio 2022\CGIH\Practica03\Practica03\practica3.cpp(336,33): warning C4244: '+=': conversión de 'double' a 'GLfloat'; posible pérdida de datos
  Practica03.vcxproj -> C:\Users\jared\OneDrive\Documentos\Visual Studio 2022\CGIH\Practica03\Debug\Practica03.exe
